/var/spool/slurm/slurmd/job33538/slurm_script: line 17: activate: No such file or directory
2025-06-12 15:45:44.450215: I tensorflow/core/platform/cpu_feature_guard.cc:193] This TensorFlow binary is optimized with oneAPI Deep Neural Network Library (oneDNN) to use the following CPU instructions in performance-critical operations:  SSE4.1 SSE4.2 AVX AVX2 AVX512F AVX512_VNNI FMA
To enable them in other operations, rebuild TensorFlow with the appropriate compiler flags.
2025-06-12 15:45:49.636225: I tensorflow/core/util/util.cc:169] oneDNN custom operations are on. You may see slightly different numerical results due to floating-point round-off errors from different computation orders. To turn them off, set the environment variable `TF_ENABLE_ONEDNN_OPTS=0`.
2025-06-12 15:47:31.473213: I tensorflow/core/platform/cpu_feature_guard.cc:193] This TensorFlow binary is optimized with oneAPI Deep Neural Network Library (oneDNN) to use the following CPU instructions in performance-critical operations:  SSE4.1 SSE4.2 AVX AVX2 AVX512F AVX512_VNNI FMA
To enable them in other operations, rebuild TensorFlow with the appropriate compiler flags.
2025-06-12 15:47:31.627962: I tensorflow/core/common_runtime/gpu/gpu_process_state.cc:222] Using CUDA malloc Async allocator for GPU: 0
2025-06-12 15:47:31.628177: I tensorflow/core/common_runtime/gpu/gpu_device.cc:1616] Created device /job:localhost/replica:0/task:0/device:GPU:0 with 43611 MB memory:  -> device: 0, name: NVIDIA A40, pci bus id: 0000:17:00.0, compute capability: 8.6
[I 2025-06-12 15:47:39,367] A new study created in memory with name: lstm_short_hpo_study
2025-06-12 15:47:46.197546: I tensorflow/stream_executor/cuda/cuda_dnn.cc:384] Loaded cuDNN version 8907
2025-06-12 15:47:47.366484: I tensorflow/stream_executor/cuda/cuda_blas.cc:1614] TensorFloat-32 will be used for the matrix multiplication. This will only be logged once.
[I 2025-06-12 15:59:14,168] Trial 0 finished with value: 0.03177598491311073 and parameters: {'learning_rate': 0.0014484589164699753, 'lstm_units': 48, 'dropout_rate': 0.16099536603372122, 'batch_size': 16}. Best is trial 0 with value: 0.03177598491311073.
[I 2025-06-12 16:06:33,188] Trial 1 finished with value: 0.037116602063179016 and parameters: {'learning_rate': 0.0012926403672034314, 'lstm_units': 32, 'dropout_rate': 0.1963511904573297, 'batch_size': 32}. Best is trial 0 with value: 0.03177598491311073.
[I 2025-06-12 16:17:05,540] Trial 2 finished with value: 0.04239774867892265 and parameters: {'learning_rate': 0.00011090188066169212, 'lstm_units': 32, 'dropout_rate': 0.16946589724692984, 'batch_size': 32}. Best is trial 0 with value: 0.03177598491311073.
[I 2025-06-12 16:32:08,790] Trial 3 finished with value: 0.03810988366603851 and parameters: {'learning_rate': 0.003828568989422191, 'lstm_units': 32, 'dropout_rate': 0.2578758540816227, 'batch_size': 16}. Best is trial 0 with value: 0.03177598491311073.
[I 2025-06-12 16:36:05,613] Trial 4 finished with value: 0.03830071538686752 and parameters: {'learning_rate': 0.002835989644507184, 'lstm_units': 32, 'dropout_rate': 0.27801122136312967, 'batch_size': 32}. Best is trial 0 with value: 0.03177598491311073.
[I 2025-06-12 16:38:07,832] Trial 5 pruned. Trial was pruned at epoch 2.
[I 2025-06-12 16:40:10,908] Trial 6 pruned. Trial was pruned at epoch 2.
[I 2025-06-12 16:46:48,674] Trial 7 pruned. Trial was pruned at epoch 4.
[I 2025-06-12 16:56:03,857] Trial 8 finished with value: 0.035634614527225494 and parameters: {'learning_rate': 0.0030347847568201495, 'lstm_units': 48, 'dropout_rate': 0.25654766131150564, 'batch_size': 16}. Best is trial 0 with value: 0.03177598491311073.
[I 2025-06-12 17:01:25,923] Trial 9 pruned. Trial was pruned at epoch 3.
[I 2025-06-12 17:05:24,009] Trial 10 pruned. Trial was pruned at epoch 2.
[I 2025-06-12 17:16:10,118] Trial 11 finished with value: 0.03749655559659004 and parameters: {'learning_rate': 0.0013987429584285057, 'lstm_units': 48, 'dropout_rate': 0.19844889289145318, 'batch_size': 16}. Best is trial 0 with value: 0.03177598491311073.
[I 2025-06-12 17:24:08,652] Trial 12 finished with value: 0.03737650439143181 and parameters: {'learning_rate': 0.0017954581797147277, 'lstm_units': 48, 'dropout_rate': 0.31309621363669715, 'batch_size': 16}. Best is trial 0 with value: 0.03177598491311073.
[I 2025-06-12 17:28:09,640] Trial 13 pruned. Trial was pruned at epoch 2.
[I 2025-06-12 17:32:12,421] Trial 14 pruned. Trial was pruned at epoch 2.
[I 2025-06-12 17:45:47,446] Trial 15 finished with value: 0.03166184574365616 and parameters: {'learning_rate': 0.00088633582449202, 'lstm_units': 48, 'dropout_rate': 0.1572721153508268, 'batch_size': 16}. Best is trial 15 with value: 0.03166184574365616.
[I 2025-06-12 17:54:05,000] Trial 16 finished with value: 0.03449280560016632 and parameters: {'learning_rate': 0.0008104708595612642, 'lstm_units': 48, 'dropout_rate': 0.1613400635259187, 'batch_size': 16}. Best is trial 15 with value: 0.03166184574365616.
[I 2025-06-12 18:06:36,963] Trial 17 finished with value: 0.0323336161673069 and parameters: {'learning_rate': 0.0004448666173247164, 'lstm_units': 48, 'dropout_rate': 0.1431427100107204, 'batch_size': 16}. Best is trial 15 with value: 0.03166184574365616.
[I 2025-06-12 18:10:45,140] Trial 18 pruned. Trial was pruned at epoch 2.
[I 2025-06-12 18:20:20,786] Trial 19 finished with value: 0.0352715402841568 and parameters: {'learning_rate': 0.000445978218588877, 'lstm_units': 48, 'dropout_rate': 0.2204400540555787, 'batch_size': 16}. Best is trial 15 with value: 0.03166184574365616.
[I 2025-06-12 18:20:32,745] A new study created in memory with name: lstm_medium_hpo_study
[I 2025-06-12 18:27:52,728] Trial 0 finished with value: 0.05770229548215866 and parameters: {'learning_rate': 0.0010854937815084566, 'lstm_units': 48, 'dropout_rate': 0.36902577136457215, 'batch_size': 32}. Best is trial 0 with value: 0.05770229548215866.
[I 2025-06-12 18:41:13,537] Trial 1 finished with value: 0.06895029544830322 and parameters: {'learning_rate': 0.0002648221087307349, 'lstm_units': 16, 'dropout_rate': 0.20093713525818252, 'batch_size': 32}. Best is trial 0 with value: 0.05770229548215866.
[I 2025-06-12 19:00:35,913] Trial 2 finished with value: 0.05581878870725632 and parameters: {'learning_rate': 0.001277516735269726, 'lstm_units': 48, 'dropout_rate': 0.3560232557321158, 'batch_size': 16}. Best is trial 2 with value: 0.05581878870725632.
[I 2025-06-12 19:19:40,005] Trial 3 finished with value: 0.058291733264923096 and parameters: {'learning_rate': 0.003354908616922129, 'lstm_units': 16, 'dropout_rate': 0.11895960690281832, 'batch_size': 16}. Best is trial 2 with value: 0.05581878870725632.
[I 2025-06-12 19:27:01,955] Trial 4 finished with value: 0.07034534215927124 and parameters: {'learning_rate': 0.0021210095071751843, 'lstm_units': 16, 'dropout_rate': 0.30342035167955117, 'batch_size': 32}. Best is trial 2 with value: 0.05581878870725632.
[I 2025-06-12 19:30:40,882] Trial 5 pruned. Trial was pruned at epoch 2.
[I 2025-06-12 19:58:24,161] Trial 6 finished with value: 0.05258770287036896 and parameters: {'learning_rate': 0.0003005491443042918, 'lstm_units': 32, 'dropout_rate': 0.15849437692505883, 'batch_size': 16}. Best is trial 6 with value: 0.05258770287036896.
[I 2025-06-12 20:02:04,974] Trial 7 pruned. Trial was pruned at epoch 2.
[I 2025-06-12 20:18:46,644] Trial 8 finished with value: 0.04943905398249626 and parameters: {'learning_rate': 0.003978076122743744, 'lstm_units': 48, 'dropout_rate': 0.10600049979911137, 'batch_size': 16}. Best is trial 8 with value: 0.04943905398249626.
[I 2025-06-12 20:22:27,657] Trial 9 pruned. Trial was pruned at epoch 2.
[I 2025-06-12 20:29:37,233] Trial 10 pruned. Trial was pruned at epoch 2.
[I 2025-06-12 20:36:38,778] Trial 11 pruned. Trial was pruned at epoch 2.
[I 2025-06-12 20:43:39,406] Trial 12 pruned. Trial was pruned at epoch 2.
[I 2025-06-12 21:04:54,457] Trial 13 finished with value: 0.05272804945707321 and parameters: {'learning_rate': 0.0006388928794658251, 'lstm_units': 32, 'dropout_rate': 0.14862417502050784, 'batch_size': 16}. Best is trial 8 with value: 0.04943905398249626.
[I 2025-06-12 21:17:01,663] Trial 14 finished with value: 0.05121146887540817 and parameters: {'learning_rate': 0.001206845238171519, 'lstm_units': 48, 'dropout_rate': 0.1430536398950782, 'batch_size': 16}. Best is trial 8 with value: 0.04943905398249626.
[I 2025-06-12 21:33:53,243] Trial 15 finished with value: 0.054782841354608536 and parameters: {'learning_rate': 0.0016101723046774965, 'lstm_units': 48, 'dropout_rate': 0.24970451864120882, 'batch_size': 16}. Best is trial 8 with value: 0.04943905398249626.
[I 2025-06-12 21:50:23,836] Trial 16 finished with value: 0.05218688026070595 and parameters: {'learning_rate': 0.0008416307261458529, 'lstm_units': 48, 'dropout_rate': 0.1280188607671534, 'batch_size': 16}. Best is trial 8 with value: 0.04943905398249626.
[I 2025-06-12 22:04:42,548] Trial 17 finished with value: 0.05194826424121857 and parameters: {'learning_rate': 0.0023612067734083246, 'lstm_units': 48, 'dropout_rate': 0.19788638335309597, 'batch_size': 16}. Best is trial 8 with value: 0.04943905398249626.
[I 2025-06-12 22:16:51,351] Trial 18 finished with value: 0.05098491534590721 and parameters: {'learning_rate': 0.004638012681676265, 'lstm_units': 48, 'dropout_rate': 0.10804032825116824, 'batch_size': 16}. Best is trial 8 with value: 0.04943905398249626.
[I 2025-06-12 22:36:23,123] Trial 19 finished with value: 0.0519133135676384 and parameters: {'learning_rate': 0.004322787693558279, 'lstm_units': 48, 'dropout_rate': 0.10083161860632255, 'batch_size': 16}. Best is trial 8 with value: 0.04943905398249626.
[I 2025-06-12 22:36:33,635] A new study created in memory with name: lstm_long_hpo_study
[I 2025-06-12 23:05:37,235] Trial 0 finished with value: 0.06475645303726196 and parameters: {'learning_rate': 0.0014202743296726965, 'lstm_units': 32, 'dropout_rate': 0.3341655193891183, 'batch_size': 16}. Best is trial 0 with value: 0.06475645303726196.
[I 2025-06-12 23:48:07,058] Trial 1 finished with value: 0.0736401155591011 and parameters: {'learning_rate': 0.001571878916656536, 'lstm_units': 16, 'dropout_rate': 0.3319910370202831, 'batch_size': 16}. Best is trial 0 with value: 0.06475645303726196.
[I 2025-06-13 00:26:03,571] Trial 2 finished with value: 0.06428147107362747 and parameters: {'learning_rate': 0.0014157880008383726, 'lstm_units': 16, 'dropout_rate': 0.19303340819552123, 'batch_size': 16}. Best is trial 2 with value: 0.06428147107362747.
[I 2025-06-13 01:11:40,720] Trial 3 finished with value: 0.05437226593494415 and parameters: {'learning_rate': 0.000425927024138917, 'lstm_units': 32, 'dropout_rate': 0.18777896494781698, 'batch_size': 32}. Best is trial 3 with value: 0.05437226593494415.
[I 2025-06-13 01:53:00,073] Trial 4 finished with value: 0.05670081824064255 and parameters: {'learning_rate': 0.0006040775375788368, 'lstm_units': 48, 'dropout_rate': 0.18740257410944788, 'batch_size': 32}. Best is trial 3 with value: 0.05437226593494415.
[I 2025-06-13 02:58:50,303] Trial 5 finished with value: 0.060260143131017685 and parameters: {'learning_rate': 0.0014135342533596327, 'lstm_units': 48, 'dropout_rate': 0.3796547709213003, 'batch_size': 32}. Best is trial 3 with value: 0.05437226593494415.
[I 2025-06-13 03:21:55,420] Trial 6 pruned. Trial was pruned at epoch 2.
[I 2025-06-13 04:24:24,757] Trial 7 finished with value: 0.05603523179888725 and parameters: {'learning_rate': 0.0015770559504107377, 'lstm_units': 32, 'dropout_rate': 0.2206242694628732, 'batch_size': 32}. Best is trial 3 with value: 0.05437226593494415.
[I 2025-06-13 04:47:00,397] Trial 8 pruned. Trial was pruned at epoch 2.
[I 2025-06-13 05:25:31,166] Trial 9 finished with value: 0.05962183699011803 and parameters: {'learning_rate': 0.00123896614753341, 'lstm_units': 32, 'dropout_rate': 0.11520553023352526, 'batch_size': 16}. Best is trial 3 with value: 0.05437226593494415.
[I 2025-06-13 06:34:25,537] Trial 10 finished with value: 0.058808788657188416 and parameters: {'learning_rate': 0.00029330654351615717, 'lstm_units': 32, 'dropout_rate': 0.26965510194312203, 'batch_size': 32}. Best is trial 3 with value: 0.05437226593494415.
[I 2025-06-13 06:57:21,699] Trial 11 pruned. Trial was pruned at epoch 2.
[I 2025-06-13 07:36:03,256] Trial 12 finished with value: 0.05816187337040901 and parameters: {'learning_rate': 0.0033184788144835936, 'lstm_units': 32, 'dropout_rate': 0.23760823274864595, 'batch_size': 32}. Best is trial 3 with value: 0.05437226593494415.
[I 2025-06-13 08:15:42,571] Trial 13 finished with value: 0.05338187515735626 and parameters: {'learning_rate': 0.004805245470351555, 'lstm_units': 32, 'dropout_rate': 0.12210106719923726, 'batch_size': 32}. Best is trial 13 with value: 0.05338187515735626.
[I 2025-06-13 09:07:15,492] Trial 14 finished with value: 0.053192880004644394 and parameters: {'learning_rate': 0.004728015042352249, 'lstm_units': 32, 'dropout_rate': 0.10422559884548345, 'batch_size': 32}. Best is trial 14 with value: 0.053192880004644394.
[I 2025-06-13 09:56:04,843] Trial 15 finished with value: 0.05331682041287422 and parameters: {'learning_rate': 0.004709627545511966, 'lstm_units': 48, 'dropout_rate': 0.1052193899323888, 'batch_size': 32}. Best is trial 14 with value: 0.053192880004644394.
[I 2025-06-13 10:44:35,794] Trial 16 finished with value: 0.05279143154621124 and parameters: {'learning_rate': 0.0030434396899477463, 'lstm_units': 48, 'dropout_rate': 0.10203172756733457, 'batch_size': 32}. Best is trial 16 with value: 0.05279143154621124.
[I 2025-06-13 11:24:02,770] Trial 17 finished with value: 0.053763248026371 and parameters: {'learning_rate': 0.002307085461611753, 'lstm_units': 48, 'dropout_rate': 0.14661183873641115, 'batch_size': 32}. Best is trial 16 with value: 0.05279143154621124.
[I 2025-06-13 12:24:58,823] Trial 18 finished with value: 0.05429820343852043 and parameters: {'learning_rate': 0.002796031098397153, 'lstm_units': 48, 'dropout_rate': 0.15566843630440388, 'batch_size': 32}. Best is trial 16 with value: 0.05279143154621124.
[I 2025-06-13 13:15:06,080] Trial 19 finished with value: 0.05549854412674904 and parameters: {'learning_rate': 0.0007595768943969787, 'lstm_units': 48, 'dropout_rate': 0.13760053391516672, 'batch_size': 32}. Best is trial 16 with value: 0.05279143154621124.
